1681963917
1681963959
1681963961
1681964048
1681964099
1681964116
1681966801
1681970401
1681974001
1681977601
1681981201
1681984801
1681988401
1681992001
1681995601
1681999201
1682002801
1682006401
1682010002
1682013601
1682017201
1682020801
1682024401
1682028001
1682031601
1682035201
1682038801
1682042401
1682046002
1682049601
1682053201
1682056801
1682060401
1682064001
1682067601
1682071201
1682074801
1682078401
1682082001
1682085601
1682089201
1682092801
1682096401
1682100001
1682103601
1682107201
1682110801
1682114401
1682118001
1682121601
1682125201
1682128801
1682132401
1682136001
1682139601
1682143201
1682146801
1682150401
1682154001
1682157602
1682161201
1682164801
1682168401
1682172001
1682175601
1682179201
1682182801
1682186401
1682190001
1682193601
1682197201
1682200801
1682204401
1682208001
1682211601
1682215201
1682218801
1682222401
1682226001
1682229601
1682233201
1682236801
1682240401
1682244001
1682247601
1682251201
1682254801
1682258401
1682262001
1682265601
1682269201
1682272801
1682276401
1682280001
1682283601
1682287201
1682290801
1682294401
1682298001
1682301601
1682305201
1682308801
1682312402
1682316001
1682319601
1682323201
1682326801
1682330402
1682334001
1682337601
1682341201
1682344801
1682348401
1682352001
1682355602
1682359201
1682362801
1682366401
1682370001
1682373601
1682377201
1682380801
1682384401
1682388001
1682391601
1682395201
1682398801
1682402401
1682406001
1682409601
1682413201
1682416801
1682420401
1682424001
1682427601
1682431201
1682434801
1682438401
1682442001
1682445601
1682449202
1682452803
1682456401
1682460002
1682463601
1682467201
1682470801
1682474401
1682478002
1682481602
1682485201
1682488801
1682492401
1682496001
1682499602
1682503201
1682506801
1682510401
1682514001
1682517601
1682521201
1682524801
1682528401
1682532001
1682535601
1682539202
1682542801
1682546401
1682550002
1682553601
1682557202
1682560801
1682564401
1682568001
1682571601
1682575201
1682578801
1682582401
1682586001
1682589601
1682593201
1682596801
1682600401
1682604001
1682607601
1682611201
1682614801
1682618401
1682622001
1682625601
1682629201
1682632801
1682636401
1682640001
1682643602
1682647201
1682650801
1682654401
1682658001
1682661601
1682665201
1682668801
1682672401
1682676001
1682679601
1682683201
1682686801
1682690401
1682694001
1682697601
1682701201
1682704801
1682708401
1682712001
1682715601
1682719201
1682722801
1682726401
1682730001
1682733601
1682737201
1682740801
1682744401
1682748001
1682751601
1682755201
1682758801
1682762401
1682766001
1682769601
1682773201
1682776801
1682780401
1682784001
1682787601
1682791201
1682794801
1682798401
1682802001
1682805601
1682809201
1682812801
1682816401
1682820001
1682823601
1682827201
1682830801
1682834401
1682838001
1682841602
1682845201
1682848801
1682852401
1682856001
1682859601
1682863201
1682866801
1682870402
1682874002
1682877601
1682881201
1682884801
1682888401
1682892001
1682895601
1682899201
1682902801
1682906401
1682910001
1682913601
1682917201
1682920801
1682924401
1682928001
1682931601
1682935201
1682938801
1682942401
1682946001
1682949601
1682953201
1682956801
1682960401
1682964001
1682967601
1682971201
1682974801
1682978401
1682982001
1682985601
1682989201
1682992801
1682996401
1683000001
1683003601
1683007201
1683010801
1683014401
1683018001
1683021601
1683025201
1683028801
1683032401
1683036001
1683039601
1683043201
